- Chaîne à evaluer : 7 + -5 + 5 * 3                                                                                                                                              
- Pile Expression  []
- Pile des opérateurs[]

- Pile Expression  [7.0]
- Pile des opérateurs[]

- Pile Expression  [7.0]
- Pile des opérateurs[+]

- Pile Expression  [7.0, -5.0]
- Pile des opérateurs[+]

- Pile Expression  [7.0, -5.0]
- Pile des opérateurs[+, +]

- Pile Expression  [7.0, -5.0, 5.0]
- Pile des opérateurs[+, +]

- Pile Expression  [7.0, -5.0, 5.0]
- Pile des opérateurs[+, +, *]

- Pile Expression  [7.0, -5.0, 5.0, 3.0]
- Pile des opérateurs[+, +, *]

- Pile Expression   [7.0, -5.0, 5.0, 3.0]
- Pile Opérateurs   [+, +, *]

- Calcul effectué : 5.0*3.0 = 15.0
- Pile Expression   [7.0, -5.0, 15.0]
- Pile Opérateurs   [+, +]

- Pile Expression   [7.0, -5.0, 15.0]
- Pile Opérateurs   [+, +]

- Calcul effectué : -5.0+15.0 = 10.0
- Pile Expression   [7.0, 10.0]
- Pile Opérateurs   [+]

- Pile Expression   [7.0, 10.0]
- Pile Opérateurs   [+]

- Calcul effectué : 7.0+10.0 = 17.0
- Pile Expression   [17.0]
- Pile Opérateurs   []

- Résultat de l'évaluation : 17.0


- Chaîne à evaluer : 17.0 * 3 + 2                                                                                                                                              
- Pile Expression  []
- Pile des opérateurs[]

- Pile Expression  [17.0]
- Pile des opérateurs[]

- Pile Expression  [17.0]
- Pile des opérateurs[*]

- Pile Expression  [17.0, 3.0]
- Pile des opérateurs[*]

- Pile Expression   [17.0, 3.0]
- Pile Opérateurs   [*]

- Calcul effectué : 17.0*3.0 = 51.0
- Pile Expression   [51.0]
- Pile Opérateurs   []

- Pile Expression  [51.0]
- Pile des opérateurs[+]

- Pile Expression  [51.0, 2.0]
- Pile des opérateurs[+]

- Pile Expression   [51.0, 2.0]
- Pile Opérateurs   [+]

- Calcul effectué : 51.0+2.0 = 53.0
- Pile Expression   [53.0]
- Pile Opérateurs   []

- Résultat de l'évaluation : 53.0


- Chaîne à evaluer : 53.0 + -5                                               
- Pile Expression  []
- Pile des opérateurs[]

- Pile Expression  [53.0]
- Pile des opérateurs[]

- Pile Expression  [53.0]
- Pile des opérateurs[+]

- Pile Expression  [53.0, -5.0]
- Pile des opérateurs[+]

- Pile Expression   [53.0, -5.0]
- Pile Opérateurs   [+]

- Calcul effectué : 53.0+-5.0 = 48.0
- Pile Expression   [48.0]
- Pile Opérateurs   []

- Résultat de l'évaluation : 48.0


- Chaîne à evaluer : 48.0 / 4                                                              
- Pile Expression  []
- Pile des opérateurs[]

- Pile Expression  [48.0]
- Pile des opérateurs[]

- Pile Expression  [48.0]
- Pile des opérateurs[/]

- Pile Expression  [48.0, 4.0]
- Pile des opérateurs[/]

- Pile Expression   [48.0, 4.0]
- Pile Opérateurs   [/]

- Calcul effectué : 48.0/4.0 = 12.0
- Pile Expression   [12.0]
- Pile Opérateurs   []

- Résultat de l'évaluation : 12.0


- Chaîne à evaluer : 12.0 * 2                                                              
- Pile Expression  []
- Pile des opérateurs[]

- Pile Expression  [12.0]
- Pile des opérateurs[]

- Pile Expression  [12.0]
- Pile des opérateurs[*]

- Pile Expression  [12.0, 2.0]
- Pile des opérateurs[*]

- Pile Expression   [12.0, 2.0]
- Pile Opérateurs   [*]

- Calcul effectué : 12.0*2.0 = 24.0
- Pile Expression   [24.0]
- Pile Opérateurs   []

- Résultat de l'évaluation : 24.0


- Chaîne à evaluer : 24.0 / 3                                                              
- Pile Expression  []
- Pile des opérateurs[]

- Pile Expression  [24.0]
- Pile des opérateurs[]

- Pile Expression  [24.0]
- Pile des opérateurs[/]

- Pile Expression  [24.0, 3.0]
- Pile des opérateurs[/]

- Pile Expression   [24.0, 3.0]
- Pile Opérateurs   [/]

- Calcul effectué : 24.0/3.0 = 8.0
- Pile Expression   [8.0]
- Pile Opérateurs   []

- Résultat de l'évaluation : 8.0


- Chaîne à evaluer : 1 + 2 * 3 * 4 + -5 + -6 + -9                                                                                                                                                                                                                                                                                                                                                                                                                                                                                                  
- Pile Expression  []
- Pile des opérateurs[]

- Pile Expression  [1.0]
- Pile des opérateurs[]

- Pile Expression  [1.0]
- Pile des opérateurs[+]

- Pile Expression  [1.0, 2.0]
- Pile des opérateurs[+]

- Pile Expression  [1.0, 2.0]
- Pile des opérateurs[+, *]

- Pile Expression  [1.0, 2.0, 3.0]
- Pile des opérateurs[+, *]

- Pile Expression  [1.0, 2.0, 3.0]
- Pile des opérateurs[+, *, *]

- Pile Expression  [1.0, 2.0, 3.0, 4.0]
- Pile des opérateurs[+, *, *]

- Pile Expression   [1.0, 2.0, 3.0, 4.0]
- Pile Opérateurs   [+, *, *]

- Calcul effectué : 3.0*4.0 = 12.0
- Pile Expression   [1.0, 2.0, 12.0]
- Pile Opérateurs   [+, *]

- Pile Expression   [1.0, 2.0, 12.0]
- Pile Opérateurs   [+, *]

- Calcul effectué : 2.0*12.0 = 24.0
- Pile Expression   [1.0, 24.0]
- Pile Opérateurs   [+]

- Pile Expression  [1.0, 24.0]
- Pile des opérateurs[+, +]

- Pile Expression  [1.0, 24.0, -5.0]
- Pile des opérateurs[+, +]

- Pile Expression  [1.0, 24.0, -5.0]
- Pile des opérateurs[+, +, +]

- Pile Expression  [1.0, 24.0, -5.0, -6.0]
- Pile des opérateurs[+, +, +]

- Pile Expression  [1.0, 24.0, -5.0, -6.0]
- Pile des opérateurs[+, +, +, +]

- Pile Expression  [1.0, 24.0, -5.0, -6.0, -9.0]
- Pile des opérateurs[+, +, +, +]

- Pile Expression   [1.0, 24.0, -5.0, -6.0, -9.0]
- Pile Opérateurs   [+, +, +, +]

- Calcul effectué : -6.0+-9.0 = -15.0
- Pile Expression   [1.0, 24.0, -5.0, -15.0]
- Pile Opérateurs   [+, +, +]

- Pile Expression   [1.0, 24.0, -5.0, -15.0]
- Pile Opérateurs   [+, +, +]

- Calcul effectué : -5.0+-15.0 = -20.0
- Pile Expression   [1.0, 24.0, -20.0]
- Pile Opérateurs   [+, +]

- Pile Expression   [1.0, 24.0, -20.0]
- Pile Opérateurs   [+, +]

- Calcul effectué : 24.0+-20.0 = 4.0
- Pile Expression   [1.0, 4.0]
- Pile Opérateurs   [+]

- Pile Expression   [1.0, 4.0]
- Pile Opérateurs   [+]

- Calcul effectué : 1.0+4.0 = 5.0
- Pile Expression   [5.0]
- Pile Opérateurs   []

- Résultat de l'évaluation : 5.0


